<?xml version="1.0" encoding="UTF-8"?>
<!-- Generated by org.testng.reporters.JUnitXMLReporter -->
<testsuite hostname="VDO109.local" name="Command line test" tests="1" failures="0" timestamp="27 Jun 2017 20:12:07 GMT" time="0.011" errors="0">
  <testcase name="@BeforeSuite beforeSuite" time="0.0" classname="projects.TestSuiteClass">
    <failure type="org.testng.TestNGException" message="
Parameter &amp;apos;ReRun&amp;apos; is required by @Configuration on method beforeSuite but has not been marked @Optional or defined
">
      <![CDATA[org.testng.TestNGException: 
Parameter 'ReRun' is required by @Configuration on method beforeSuite but has not been marked @Optional or defined

	at projects.grid.NodeSetupLib.main(NodeSetupLib.java:31)
... Removed 12 stack frames]]>
    </failure>
  </testcase> <!-- @BeforeSuite beforeSuite -->
  <testcase name="launchConfig" time="0.002" classname="projects.grid.NodeSetupLib">
    <skipped/>
  </testcase> <!-- launchConfig -->
</testsuite> <!-- Command line test -->
