<?xml version="1.0" encoding="UTF-8"?>
<!-- Generated by org.testng.reporters.JUnitXMLReporter -->
<testsuite hostname="VDO109.local" name="AdServe" tests="1" failures="0" timestamp="19 Jul 2017 04:50:34 GMT" time="0.033" errors="0">
  <testcase name="@BeforeSuite beforeSuite" time="0.0" classname="projects.TestSuiteClass">
    <failure type="org.testng.TestNGException" message="
Parameter &amp;apos;ReRun&amp;apos; is required by @Configuration on method beforeSuite but has not been marked @Optional or defined
in /Users/Pankaj/Desktop/qaAutomation/qascripting/keywordDrivenFramework-II/exe/testng_gui.xml">
      <![CDATA[org.testng.TestNGException: 
Parameter 'ReRun' is required by @Configuration on method beforeSuite but has not been marked @Optional or defined
in /Users/Pankaj/Desktop/qaAutomation/qascripting/keywordDrivenFramework-II/exe/testng_gui.xml
... Removed 15 stack frames]]>
    </failure>
  </testcase> <!-- @BeforeSuite beforeSuite -->
  <testcase name="@BeforeClass beforeClass" time="0.0" classname="projects.portal.ExecuteTestObjectsParallely">
    <skipped/>
  </testcase> <!-- @BeforeClass beforeClass -->
  <testcase name="@AfterClass afterClass" time="0.0" classname="projects.portal.ExecuteTestObjectsParallely">
    <skipped/>
  </testcase> <!-- @AfterClass afterClass -->
  <testcase name="runTests" time="0.003" classname="projects.portal.ExecuteTestObjectsParallely">
    <skipped/>
  </testcase> <!-- runTests -->
</testsuite> <!-- AdServe -->
