<?xml version="1.0" encoding="UTF-8"?>
<!-- Generated by org.testng.reporters.JUnitXMLReporter -->
<testsuite hostname="VDO109.local" name="AdServe" tests="1" failures="0" timestamp="24 Feb 2017 11:45:59 GMT" time="0.154" errors="0">
  <testcase name="@BeforeSuite beforeSuite" time="0.0" classname="projects.TestSuiteClass">
    <failure type="org.testng.TestNGException" message="
Parameter &amp;apos;logFileLocation&amp;apos; is required by @Configuration on method beforeSuite but has not been marked @Optional or defined
in /Users/Pankaj/Desktop/qaAutomation/qascripting/Vdopia_Automation/exe/testng_gui.xml">
      <![CDATA[org.testng.TestNGException: 
Parameter 'logFileLocation' is required by @Configuration on method beforeSuite but has not been marked @Optional or defined
in /Users/Pankaj/Desktop/qaAutomation/qascripting/Vdopia_Automation/exe/testng_gui.xml
... Removed 15 stack frames]]>
    </failure>
  </testcase> <!-- @BeforeSuite beforeSuite -->
  <testcase name="@BeforeClass beforeClass" time="0.0" classname="projects.e2etest.LaunchE2ETest">
    <skipped/>
  </testcase> <!-- @BeforeClass beforeClass -->
  <testcase name="@AfterClass afterTest" time="0.0" classname="projects.e2etest.LaunchE2ETest">
    <skipped/>
  </testcase> <!-- @AfterClass afterTest -->
  <testcase name="launchTest" time="0.014" classname="projects.e2etest.LaunchE2ETest">
    <skipped/>
  </testcase> <!-- launchTest -->
</testsuite> <!-- AdServe -->
